<?xml version="1.0" encoding="UTF-8"?>
<testsuite name="com.example.project.TipCalculatorTest" tests="3" skipped="0" failures="0" errors="0" timestamp="2024-09-27T02:37:42" hostname="codespaces-98e24f" time="0.131">
  <properties/>
  <testcase name="testCalculateTip2()" classname="com.example.project.TipCalculatorTest" time="0.095"/>
  <testcase name="testCalculateTip3()" classname="com.example.project.TipCalculatorTest" time="0.009"/>
  <testcase name="testCalculateTip()" classname="com.example.project.TipCalculatorTest" time="0.007"/>
  <system-out><![CDATA[]]></system-out>
  <system-err><![CDATA[]]></system-err>
</testsuite>
